  히든넘버.cpp
C:\Program Files\Microsoft Visual Studio\2022\Community\VC\Tools\MSVC\14.30.30705\include\utility(247,16): warning C4244: '초기화 중': '_Ty'에서 '_Ty1'(으)로 변환하면서 데이터가 손실될 수 있습니다.
          with
          [
              _Ty=__int64
          ]
          and
          [
              _Ty1=int
          ]
C:\Users\user\Desktop\백준\히든 넘버\히든넘버.cpp(21): message : 컴파일되는 함수 템플릿 인스턴스화 'std::pair<int,int>::pair<__int64,__int64,0>(std::pair<__int64,__int64> &&) noexcept'에 대한 참조를 확인하세요.
C:\Users\user\Desktop\백준\히든 넘버\히든넘버.cpp(21): message : 컴파일되는 함수 템플릿 인스턴스화 'std::pair<int,int>::pair<__int64,__int64,0>(std::pair<__int64,__int64> &&) noexcept'에 대한 참조를 확인하세요.
C:\Program Files\Microsoft Visual Studio\2022\Community\VC\Tools\MSVC\14.30.30705\include\utility(247,61): warning C4244: '초기화 중': '_Ty'에서 '_Ty2'(으)로 변환하면서 데이터가 손실될 수 있습니다.
          with
          [
              _Ty=__int64
          ]
          and
          [
              _Ty2=int
          ]
  히든 넘버.vcxproj -> C:\Users\user\Desktop\백준\x64\Debug\히든 넘버.exe
